<?xml version="1.0" encoding="UTF-8"?>
<!-- Generated by org.testng.reporters.JUnitReportReporter -->
<testsuite hostname="Aishu" failures="0" tests="1" name="TestNG.TC_Excal_WD_TestNG" time="5.075" errors="0" timestamp="2021-04-04T15:02:24 IST" skipped="0">
  <testcase classname="TestNG.TC_Excal_WD_TestNG" name="Tc001" time="5.075"/>
  <system-out>
Aplication open login completed OrangeHRM  </system-out>
</testsuite> <!-- TestNG.TC_Excal_WD_TestNG -->
