<?xml version="1.0" encoding="UTF-8"?>
<!-- Generated by org.testng.reporters.JUnitReportReporter -->
<testsuite hostname="Aishu" failures="0" tests="1" name="com.hrms.testscripts1.TC_103" time="16.920" errors="0" timestamp="2021-04-05T00:00:44 IST" skipped="0">
  <testcase classname="com.hrms.testscripts1.TC_103" name="tc102" time="16.920"/>
  <system-out>
Application opened  </system-out>
</testsuite> <!-- com.hrms.testscripts1.TC_103 -->
