<?xml version="1.0" encoding="UTF-8"?>
<!-- Generated by org.testng.reporters.JUnitReportReporter -->
<testsuite hostname="Aishu" failures="0" tests="2" name="TestNG.Test_Exmp" time="0.007" errors="0" timestamp="2021-04-01T23:47:48 IST" skipped="0">
  <testcase classname="TestNG.Test_Exmp" name="addemp" time="0.005"/>
  <system-out/>
  <testcase classname="TestNG.Test_Exmp" name="delemp" time="0.002"/>
  <system-out/>
</testsuite> <!-- TestNG.Test_Exmp -->
