<?xml version="1.0" encoding="UTF-8"?>
<!-- Generated by org.testng.reporters.JUnitReportReporter -->
<testsuite hostname="Aishu" failures="0" tests="1" name="TestNG.Examp1" time="5.334" errors="0" timestamp="2021-04-07T12:36:20 IST" skipped="0">
  <testcase classname="TestNG.Examp1" name="tc001" time="5.334"/>
  <system-out>
Application opened Login completed Logout completed Logout completed  </system-out>
</testsuite> <!-- TestNG.Examp1 -->
